npm verbose cli C:\nvm4w\nodejs\node.exe C:\nvm4w\nodejs\node_modules\npm\bin\npm-cli.js
npm info using npm@10.9.0
npm info using node@v22.11.0
npm verbose title npm install
npm verbose argv "install" "--legacy-peer-deps" "--loglevel" "verbose"
npm verbose logfile logs-max:10 dir:C:\Users\PC\AppData\Local\npm-cache\_logs\2025-07-26T08_00_03_196Z-
npm verbose logfile C:\Users\PC\AppData\Local\npm-cache\_logs\2025-07-26T08_00_03_196Z-debug-0.log
npm http fetch GET 200 https://registry.npmjs.org/browserstack-cypress-cli 1152ms (cache revalidated)
npm http fetch GET 200 https://registry.npmjs.org/cypress 11ms (cache hit)
npm http fetch GET 200 https://registry.npmjs.org/chalk 97ms (cache hit)
npm http fetch GET 200 https://registry.npmjs.org/async 106ms (cache hit)
npm http fetch GET 200 https://registry.npmjs.org/form-data 108ms (cache hit)
npm http fetch GET 200 https://registry.npmjs.org/fs-extra 114ms (cache hit)
npm http fetch GET 200 https://registry.npmjs.org/cli-progress 183ms (cache revalidated)
npm http fetch GET 200 https://registry.npmjs.org/archiver 204ms (cache revalidated)
npm http fetch GET 200 https://registry.npmjs.org/mocha 216ms (cache revalidated)
npm http fetch GET 200 https://registry.npmjs.org/glob 276ms (cache revalidated)
npm http fetch GET 200 https://registry.npmjs.org/uuid 106ms (cache hit)
npm http fetch GET 200 https://registry.npmjs.org/axios 312ms (cache revalidated)
npm http fetch GET 200 https://registry.npmjs.org/git-repo-info 323ms (cache revalidated)
npm http fetch GET 200 https://registry.npmjs.org/update-notifier 208ms (cache revalidated)
npm http fetch GET 200 https://registry.npmjs.org/gitconfiglocal 327ms (cache revalidated)
npm http fetch GET 200 https://registry.npmjs.org/git-last-commit 330ms (cache revalidated)
npm http fetch GET 200 https://registry.npmjs.org/axios-retry 334ms (cache revalidated)
npm http fetch GET 200 https://registry.npmjs.org/table 223ms (cache revalidated)
npm http fetch GET 200 https://registry.npmjs.org/browserstack-local 358ms (cache revalidated)
npm http fetch GET 200 https://registry.npmjs.org/mkdirp 270ms (cache revalidated)
npm http fetch GET 200 https://registry.npmjs.org/windows-release 194ms (cache revalidated)
npm http fetch GET 200 https://registry.npmjs.org/getos 57ms (cache hit)
npm http fetch GET 200 https://registry.npmjs.org/debug 74ms (cache hit)
npm http fetch GET 200 https://registry.npmjs.org/dayjs 82ms (cache hit)
npm http fetch GET 200 https://registry.npmjs.org/execa 83ms (cache hit)
npm http fetch GET 200 https://registry.npmjs.org/tmp 97ms (cache hit)
npm http fetch GET 200 https://registry.npmjs.org/arch 96ms (cache hit)
npm http fetch GET 200 https://registry.npmjs.org/node-ipc 319ms (cache revalidated)
npm http fetch GET 200 https://registry.npmjs.org/hasha 76ms (cache hit)
npm http fetch GET 200 https://registry.npmjs.org/yauzl 65ms (cache hit)
npm http fetch GET 200 https://registry.npmjs.org/winston 177ms (cache revalidated)
npm http fetch GET 200 https://registry.npmjs.org/yargs 168ms (cache revalidated)
npm http fetch GET 200 https://registry.npmjs.org/unzipper 145ms (cache revalidated)
npm http fetch GET 200 https://registry.npmjs.org/buffer 77ms (cache hit)
npm http fetch GET 200 https://registry.npmjs.org/listr2 83ms (cache hit)
npm http fetch GET 200 https://registry.npmjs.org/lodash 90ms (cache hit)
npm http fetch GET 200 https://registry.npmjs.org/decompress 217ms (cache revalidated)
npm http fetch GET 200 https://registry.npmjs.org/ospath 97ms (cache hit)
npm http fetch GET 200 https://registry.npmjs.org/semver 95ms (cache hit)
npm http fetch GET 200 https://registry.npmjs.org/process 93ms (cache hit)
npm http fetch GET 200 https://registry.npmjs.org/ci-info 100ms (cache hit)
npm http fetch GET 200 https://registry.npmjs.org/figures 100ms (cache hit)
npm http fetch GET 200 https://registry.npmjs.org/bluebird 98ms (cache hit)
npm http fetch GET 200 https://registry.npmjs.org/cachedir 101ms (cache hit)
npm http fetch GET 200 https://registry.npmjs.org/enquirer 98ms (cache hit)
npm http fetch GET 200 https://registry.npmjs.org/lazy-ass 88ms (cache hit)
npm http fetch GET 200 https://registry.npmjs.org/minimist 86ms (cache hit)
npm http fetch GET 200 https://registry.npmjs.org/blob-util 85ms (cache hit)
npm http fetch GET 200 https://registry.npmjs.org/commander 73ms (cache hit)
npm http fetch GET 200 https://registry.npmjs.org/tree-kill 80ms (cache hit)
npm http fetch GET 200 https://registry.npmjs.org/untildify 74ms (cache hit)
npm http fetch GET 200 https://registry.npmjs.org/cli-cursor 75ms (cache hit)
npm http fetch GET 200 https://registry.npmjs.org/cli-table3 74ms (cache hit)
npm http fetch GET 200 https://registry.npmjs.org/common-tags 70ms (cache hit)
npm http fetch GET 200 https://registry.npmjs.org/extract-zip 73ms (cache hit)
npm http fetch GET 200 https://registry.npmjs.org/executable 79ms (cache hit)
npm http fetch GET 200 https://registry.npmjs.org/log-symbols 66ms (cache hit)
npm http fetch GET 200 https://registry.npmjs.org/pretty-bytes 64ms (cache hit)
npm http fetch GET 200 https://registry.npmjs.org/@cypress%2fxvfb 61ms (cache hit)
npm http fetch GET 200 https://registry.npmjs.org/eventemitter2 55ms (cache hit)
npm http fetch GET 200 https://registry.npmjs.org/@types%2fsizzle 61ms (cache hit)
npm http fetch GET 200 https://registry.npmjs.org/supports-color 44ms (cache hit)
npm http fetch GET 200 https://registry.npmjs.org/proxy-from-env 54ms (cache hit)
npm http fetch GET 200 https://registry.npmjs.org/check-more-types 40ms (cache hit)
npm http fetch GET 200 https://registry.npmjs.org/@cypress%2frequest 46ms (cache hit)
npm http fetch GET 200 https://registry.npmjs.org/request-progress 44ms (cache hit)
npm http fetch GET 200 https://registry.npmjs.org/is-installed-globally 42ms (cache hit)
npm http fetch GET 200 https://registry.npmjs.org/@types%2fsinonjs__fake-timers 40ms (cache hit)
npm http fetch GET 200 https://registry.npmjs.org/getmac 1065ms (cache revalidated)
npm http fetch GET 200 https://registry.npmjs.org/buffer-crc32 100ms (cache hit)
npm http fetch GET 200 https://registry.npmjs.org/ansi-styles 101ms (cache hit)
npm http fetch GET 200 https://registry.npmjs.org/string-width 15ms (cache hit)
npm http fetch GET 200 https://registry.npmjs.org/tar-stream 135ms (cache revalidated)
npm http fetch GET 200 https://registry.npmjs.org/readdir-glob 140ms (cache revalidated)
npm http fetch GET 200 https://registry.npmjs.org/follow-redirects 149ms (cache revalidated)
npm http fetch GET 200 https://registry.npmjs.org/readable-stream 160ms (cache revalidated)
npm http fetch GET 200 https://registry.npmjs.org/archiver-utils 168ms (cache revalidated)
npm http fetch GET 200 https://registry.npmjs.org/agent-base 172ms (cache revalidated)
npm http fetch GET 200 https://registry.npmjs.org/https-proxy-agent 172ms (cache revalidated)
npm http fetch GET 200 https://registry.npmjs.org/zip-stream 201ms (cache revalidated)
npm http fetch GET 200 https://registry.npmjs.org/@babel%2fruntime 214ms (cache revalidated)
npm http fetch GET 200 https://registry.npmjs.org/temp-fs 239ms (cache revalidated)
npm http fetch GET 200 https://registry.npmjs.org/ps-tree 244ms (cache revalidated)
npm http fetch GET 200 https://registry.npmjs.org/is-retry-allowed 245ms (cache revalidated)
npm http fetch GET 200 https://registry.npmjs.org/is-running 243ms (cache revalidated)
npm http fetch GET 200 https://registry.npmjs.org/graceful-fs 120ms (cache hit)
npm http fetch GET 200 https://registry.npmjs.org/pify 111ms (cache hit)
npm http fetch GET 200 https://registry.npmjs.org/hasown 106ms (cache hit)
npm http fetch GET 200 https://registry.npmjs.org/decompress-tar 180ms (cache revalidated)
npm http fetch GET 200 https://registry.npmjs.org/asynckit 86ms (cache hit)
npm http fetch GET 200 https://registry.npmjs.org/mime-types 51ms (cache hit)
npm http fetch GET 200 https://registry.npmjs.org/jsonfile 47ms (cache hit)
npm http fetch GET 200 https://registry.npmjs.org/es-set-tostringtag 51ms (cache hit)
npm http fetch GET 200 https://registry.npmjs.org/combined-stream 58ms (cache hit)
npm http fetch GET 200 https://registry.npmjs.org/graceful-fs 53ms (cache hit)
npm http fetch GET 200 https://registry.npmjs.org/universalify 35ms (cache hit)
npm http fetch GET 200 https://registry.npmjs.org/make-dir 155ms (cache revalidated)
npm http fetch GET 200 https://registry.npmjs.org/@types%2fnode 67ms (cache hit)
npm http fetch GET 200 https://registry.npmjs.org/ini 193ms (cache hit)
npm http fetch GET 200 https://registry.npmjs.org/once 196ms (cache hit)
npm http fetch GET 200 https://registry.npmjs.org/decompress-unzip 347ms (cache revalidated)
npm http fetch GET 200 https://registry.npmjs.org/decompress-targz 361ms (cache revalidated)
npm http fetch GET 200 https://registry.npmjs.org/decompress-tarbz2 394ms (cache revalidated)
npm http fetch GET 200 https://registry.npmjs.org/strip-dirs 349ms (cache revalidated)
npm http fetch GET 200 https://registry.npmjs.org/inherits 233ms (cache revalidated)
npm http fetch GET 200 https://registry.npmjs.org/inflight 239ms (cache revalidated)
npm http fetch GET 200 https://registry.npmjs.org/ms 226ms (cache hit)
npm http fetch GET 200 https://registry.npmjs.org/path-is-absolute 248ms (cache revalidated)
npm http fetch GET 200 https://registry.npmjs.org/fs.realpath 253ms (cache revalidated)
npm http fetch GET 200 https://registry.npmjs.org/minimatch 257ms (cache revalidated)
npm http fetch GET 200 https://registry.npmjs.org/he 259ms (cache revalidated)
npm http fetch GET 200 https://registry.npmjs.org/ansi-colors 62ms (cache hit)
npm http fetch GET 200 https://registry.npmjs.org/diff 260ms (cache revalidated)
npm http fetch GET 200 https://registry.npmjs.org/escape-string-regexp 43ms (cache hit)
npm http fetch GET 200 https://registry.npmjs.org/chokidar 112ms (cache revalidated)
npm http fetch GET 200 https://registry.npmjs.org/find-up 130ms (cache revalidated)
npm http fetch GET 200 https://registry.npmjs.org/browser-stdout 86ms (cache revalidated)
npm http fetch GET 200 https://registry.npmjs.org/js-yaml 138ms (cache revalidated)
npm http fetch GET 200 https://registry.npmjs.org/workerpool 122ms (cache revalidated)
npm http fetch GET 200 https://registry.npmjs.org/minimatch 131ms (cache revalidated)
npm http fetch GET 200 https://registry.npmjs.org/yargs-parser 108ms (cache revalidated)
npm http fetch GET 200 https://registry.npmjs.org/yargs-unparser 114ms (cache revalidated)
npm http fetch GET 200 https://registry.npmjs.org/strip-json-comments 115ms (cache revalidated)
npm http fetch GET 200 https://registry.npmjs.org/serialize-javascript 106ms (cache revalidated)
npm http fetch GET 200 https://registry.npmjs.org/slice-ansi 66ms (cache hit)
npm http fetch GET 200 https://registry.npmjs.org/js-queue 103ms (cache revalidated)
npm http fetch GET 200 https://registry.npmjs.org/js-message 109ms (cache revalidated)
npm http fetch GET 200 https://registry.npmjs.org/duplexer2 89ms (cache revalidated)
npm http fetch GET 200 https://registry.npmjs.org/ajv 110ms (cache revalidated)
npm http fetch GET 200 https://registry.npmjs.org/node-int64 111ms (cache revalidated)
npm http fetch GET 200 https://registry.npmjs.org/event-pubsub 147ms (cache revalidated)
npm http fetch GET 200 https://registry.npmjs.org/is-in-ci 93ms (cache revalidated)
npm http fetch GET 200 https://registry.npmjs.org/is-npm 100ms (cache revalidated)
npm http fetch GET 200 https://registry.npmjs.org/configstore 92ms (cache revalidated)
npm http fetch GET 200 https://registry.npmjs.org/import-lazy 89ms (cache revalidated)
npm http fetch GET 200 https://registry.npmjs.org/boxen 116ms (cache revalidated)
npm http fetch GET 200 https://registry.npmjs.org/xdg-basedir 84ms (cache revalidated)
npm http fetch GET 200 https://registry.npmjs.org/latest-version 88ms (cache revalidated)
npm http fetch GET 200 https://registry.npmjs.org/pupa 136ms (cache revalidated)
npm http fetch GET 200 https://registry.npmjs.org/colors 65ms (cache hit)
npm http fetch GET 200 https://registry.npmjs.org/isstream 51ms (cache hit)
npm http fetch GET 200 https://registry.npmjs.org/semver-diff 108ms (cache revalidated)
npm http fetch GET 200 https://registry.npmjs.org/eyes 116ms (cache revalidated)
npm http fetch GET 200 https://registry.npmjs.org/cycle 117ms (cache revalidated)
npm http fetch GET 200 https://registry.npmjs.org/decamelize 73ms (cache revalidated)
npm http fetch GET 200 https://registry.npmjs.org/cliui 78ms (cache revalidated)
npm http fetch GET 200 https://registry.npmjs.org/stack-trace 83ms (cache revalidated)
npm http fetch GET 200 https://registry.npmjs.org/y18n 86ms (cache revalidated)
npm http fetch GET 200 https://registry.npmjs.org/which-module 79ms (cache revalidated)
npm http fetch GET 200 https://registry.npmjs.org/set-blocking 84ms (cache revalidated)
npm http fetch GET 200 https://registry.npmjs.org/require-main-filename 66ms (cache revalidated)
npm http fetch GET 200 https://registry.npmjs.org/get-caller-file 76ms (cache revalidated)
npm http fetch GET 200 https://registry.npmjs.org/require-directory 78ms (cache revalidated)
npm http fetch GET 200 https://registry.npmjs.org/end-of-stream 39ms (cache hit)
npm http fetch GET 200 https://registry.npmjs.org/lodash.flatten 70ms (cache revalidated)
npm http fetch GET 200 https://registry.npmjs.org/lodash.defaults 71ms (cache revalidated)
npm http fetch GET 200 https://registry.npmjs.org/normalize-path 71ms (cache revalidated)
npm http fetch GET 200 https://registry.npmjs.org/util-deprecate 74ms (cache revalidated)
npm http fetch GET 200 https://registry.npmjs.org/lodash.difference 77ms (cache revalidated)
npm http fetch GET 200 https://registry.npmjs.org/string_decoder 76ms (cache revalidated)
npm http fetch GET 200 https://registry.npmjs.org/lodash.union 81ms (cache revalidated)
npm http fetch GET 200 https://registry.npmjs.org/lazystream 84ms (cache revalidated)
npm http fetch GET 200 https://registry.npmjs.org/fs-constants 78ms (cache revalidated)
npm http fetch GET 200 https://registry.npmjs.org/bl 83ms (cache revalidated)
npm http fetch GET 200 https://registry.npmjs.org/compress-commons 82ms (cache revalidated)
npm http fetch GET 200 https://registry.npmjs.org/lodash.isplainobject 99ms (cache revalidated)
npm http fetch GET 200 https://registry.npmjs.org/safe-buffer 12ms (cache hit)
npm http fetch GET 200 https://registry.npmjs.org/core-util-is 13ms (cache hit)
npm http fetch GET 200 https://registry.npmjs.org/isarray 42ms (cache revalidated)
npm http fetch GET 200 https://registry.npmjs.org/process-nextick-args 44ms (cache revalidated)
npm http fetch GET 200 https://registry.npmjs.org/rimraf 52ms (cache revalidated)
npm http fetch GET 200 https://registry.npmjs.org/event-stream 84ms (cache revalidated)
npm http fetch GET 200 https://registry.npmjs.org/has-flag 8ms (cache hit)
npm http fetch GET 200 https://registry.npmjs.org/color-convert 9ms (cache hit)
npm http fetch GET 200 https://registry.npmjs.org/color-name 8ms (cache hit)
npm http fetch GET 200 https://registry.npmjs.org/emoji-regex 8ms (cache hit)
npm http fetch GET 200 https://registry.npmjs.org/is-fullwidth-code-point 11ms (cache hit)
npm http fetch GET 200 https://registry.npmjs.org/strip-ansi 12ms (cache hit)
npm http fetch GET 200 https://registry.npmjs.org/caseless 71ms (cache hit)
npm http fetch GET 200 https://registry.npmjs.org/extend 73ms (cache hit)
npm http fetch GET 200 https://registry.npmjs.org/forever-agent 75ms (cache hit)
npm http fetch GET 200 https://registry.npmjs.org/json-stringify-safe 75ms (cache hit)
npm http fetch GET 200 https://registry.npmjs.org/tunnel-agent 72ms (cache hit)
npm http fetch GET 200 https://registry.npmjs.org/http-signature 78ms (cache hit)
npm http fetch GET 200 https://registry.npmjs.org/performance-now 78ms (cache hit)
npm http fetch GET 200 https://registry.npmjs.org/aws4 82ms (cache hit)
npm http fetch GET 200 https://registry.npmjs.org/aws-sign2 84ms (cache hit)
npm http fetch GET 200 https://registry.npmjs.org/base64-js 79ms (cache hit)
npm http fetch GET 200 https://registry.npmjs.org/lodash.once 80ms (cache hit)
npm http fetch GET 200 https://registry.npmjs.org/qs 85ms (cache hit)
npm http fetch GET 200 https://registry.npmjs.org/is-typedarray 89ms (cache hit)
npm http fetch GET 200 https://registry.npmjs.org/ieee754 85ms (cache hit)
npm http fetch GET 200 https://registry.npmjs.org/tough-cookie 92ms (cache hit)
npm http fetch GET 200 https://registry.npmjs.org/onetime 59ms (cache hit)
npm http fetch GET 200 https://registry.npmjs.org/restore-cursor 64ms (cache hit)
npm http fetch GET 200 https://registry.npmjs.org/merge-stream 57ms (cache hit)
npm http fetch GET 200 https://registry.npmjs.org/npm-run-path 57ms (cache hit)
npm http fetch GET 200 https://registry.npmjs.org/is-stream 64ms (cache hit)
npm http fetch GET 200 https://registry.npmjs.org/cross-spawn 63ms (cache hit)
npm http fetch GET 200 https://registry.npmjs.org/signal-exit 65ms (cache hit)
npm http fetch GET 200 https://registry.npmjs.org/get-stream 59ms (cache hit)
npm http fetch GET 200 https://registry.npmjs.org/strip-final-newline 62ms (cache hit)
npm http fetch GET 200 https://registry.npmjs.org/@types%2fyauzl 58ms (cache hit)
npm http fetch GET 200 https://registry.npmjs.org/human-signals 66ms (cache hit)
npm http fetch GET 200 https://registry.npmjs.org/get-stream 73ms (cache hit)
npm http fetch GET 200 https://registry.npmjs.org/at-least-node 60ms (cache hit)
npm http fetch GET 200 https://registry.npmjs.org/is-stream 63ms (cache hit)
npm http fetch GET 200 https://registry.npmjs.org/type-fest 62ms (cache hit)
npm http fetch GET 200 https://registry.npmjs.org/global-dirs 55ms (cache hit)
npm http fetch GET 200 https://registry.npmjs.org/colorette 48ms (cache hit)
npm http fetch GET 200 https://registry.npmjs.org/is-path-inside 57ms (cache hit)
npm http fetch GET 200 https://registry.npmjs.org/rxjs 56ms (cache hit)
npm http fetch GET 200 https://registry.npmjs.org/rfdc 66ms (cache hit)
npm http fetch GET 200 https://registry.npmjs.org/p-map 65ms (cache hit)
npm http fetch GET 200 https://registry.npmjs.org/cli-truncate 59ms (cache hit)
npm http fetch GET 200 https://registry.npmjs.org/through 65ms (cache hit)
npm http fetch GET 200 https://registry.npmjs.org/wrap-ansi 62ms (cache hit)
npm http fetch GET 200 https://registry.npmjs.org/log-update 65ms (cache hit)
npm http fetch GET 200 https://registry.npmjs.org/is-unicode-supported 64ms (cache hit)
npm http fetch GET 200 https://registry.npmjs.org/throttleit 63ms (cache hit)
npm http fetch GET 200 https://registry.npmjs.org/fd-slicer 62ms (cache hit)
npm http fetch GET 200 https://registry.npmjs.org/delayed-stream 12ms (cache hit)
npm http fetch GET 200 https://registry.npmjs.org/jsprim 13ms (cache hit)
npm http fetch GET 200 https://registry.npmjs.org/side-channel 15ms (cache hit)
npm http fetch GET 200 https://registry.npmjs.org/sshpk 17ms (cache hit)
npm http fetch GET 200 https://registry.npmjs.org/mime-db 20ms (cache hit)
npm http fetch GET 200 https://registry.npmjs.org/tldts 26ms (cache hit)
npm http fetch GET 200 https://registry.npmjs.org/assert-plus 57ms (cache hit)
npm http fetch GET 200 https://registry.npmjs.org/file-type 68ms (cache revalidated)
npm http fetch GET 200 https://registry.npmjs.org/file-type 74ms (cache revalidated)
npm http fetch GET 200 https://registry.npmjs.org/file-type 86ms (cache revalidated)
npm http fetch GET 200 https://registry.npmjs.org/file-type 94ms (cache revalidated)
npm http fetch GET 200 https://registry.npmjs.org/is-natural-number 113ms (cache revalidated)
npm http fetch GET 200 https://registry.npmjs.org/unbzip2-stream 116ms (cache revalidated)
npm http fetch GET 200 https://registry.npmjs.org/seek-bzip 918ms (cache revalidated)
npm http fetch GET 200 https://registry.npmjs.org/xtend 43ms (cache revalidated)
npm http fetch GET 200 https://registry.npmjs.org/to-buffer 45ms (cache revalidated)
npm http fetch GET 200 https://registry.npmjs.org/buffer-alloc 67ms (cache revalidated)
npm http fetch GET 200 https://registry.npmjs.org/object-assign 40ms (cache revalidated)
npm http fetch GET 200 https://registry.npmjs.org/pinkie-promise 99ms (cache revalidated)
npm http fetch GET 200 https://registry.npmjs.org/ansi-regex 5ms (cache hit)
npm http fetch GET 200 https://registry.npmjs.org/path-key 13ms (cache hit)
npm http fetch GET 200 https://registry.npmjs.org/shebang-command 14ms (cache hit)
npm http fetch GET 200 https://registry.npmjs.org/which 17ms (cache hit)
npm http fetch GET 200 https://registry.npmjs.org/mimic-fn 19ms (cache hit)
npm http fetch GET 200 https://registry.npmjs.org/path-key 21ms (cache hit)
npm http fetch GET 200 https://registry.npmjs.org/pump 22ms (cache hit)
npm http fetch GET 200 https://registry.npmjs.org/isexe 8ms (cache hit)
npm http fetch GET 200 https://registry.npmjs.org/shebang-regex 9ms (cache hit)
npm http fetch GET 200 https://registry.npmjs.org/@types%2fnode 25ms (cache hit)
npm http fetch GET 200 https://registry.npmjs.org/undici-types 8ms (cache hit)
npm http fetch GET 200 https://registry.npmjs.org/function-bind 11ms (cache hit)
npm http fetch GET 200 https://registry.npmjs.org/get-intrinsic 12ms (cache hit)
npm http fetch GET 200 https://registry.npmjs.org/es-errors 14ms (cache hit)
npm http fetch GET 200 https://registry.npmjs.org/has-tostringtag 14ms (cache hit)
npm http fetch GET 200 https://registry.npmjs.org/es-define-property 28ms (cache hit)
npm http fetch GET 200 https://registry.npmjs.org/get-proto 29ms (cache hit)
npm http fetch GET 200 https://registry.npmjs.org/es-object-atoms 30ms (cache hit)
npm http fetch GET 200 https://registry.npmjs.org/call-bind-apply-helpers 32ms (cache hit)
npm http fetch GET 200 https://registry.npmjs.org/gopd 31ms (cache hit)
npm http fetch GET 200 https://registry.npmjs.org/math-intrinsics 31ms (cache hit)
npm http fetch GET 200 https://registry.npmjs.org/has-symbols 32ms (cache hit)
npm http fetch GET 200 https://registry.npmjs.org/has-symbols 35ms (cache hit)
npm http fetch GET 200 https://registry.npmjs.org/dunder-proto 6ms (cache hit)
npm http fetch GET 200 https://registry.npmjs.org/pinkie 77ms (cache revalidated)
npm http fetch GET 200 https://registry.npmjs.org/wrappy 9ms (cache hit)
npm http fetch GET 200 https://registry.npmjs.org/wrappy 23ms (cache hit)
npm http fetch GET 200 https://registry.npmjs.org/brace-expansion 45ms (cache revalidated)
npm http fetch GET 200 https://registry.npmjs.org/verror 27ms (cache hit)
npm http fetch GET 200 https://registry.npmjs.org/extsprintf 30ms (cache hit)
npm http fetch GET 200 https://registry.npmjs.org/getpass 30ms (cache hit)
npm http fetch GET 200 https://registry.npmjs.org/asn1 31ms (cache hit)
npm http fetch GET 200 https://registry.npmjs.org/dashdash 32ms (cache hit)
npm http fetch GET 200 https://registry.npmjs.org/jsbn 34ms (cache hit)
npm http fetch GET 200 https://registry.npmjs.org/json-schema 35ms (cache hit)
npm http fetch GET 200 https://registry.npmjs.org/ecc-jsbn 35ms (cache hit)
npm http fetch GET 200 https://registry.npmjs.org/tweetnacl 36ms (cache hit)
npm http fetch GET 200 https://registry.npmjs.org/safer-buffer 36ms (cache hit)
npm http fetch GET 200 https://registry.npmjs.org/bcrypt-pbkdf 37ms (cache hit)
npm http fetch GET 200 https://registry.npmjs.org/aggregate-error 12ms (cache hit)
npm http fetch GET 200 https://registry.npmjs.org/ansi-escapes 13ms (cache hit)
npm http fetch GET 200 https://registry.npmjs.org/tslib 14ms (cache hit)
npm http fetch GET 200 https://registry.npmjs.org/astral-regex 6ms (cache hit)
npm http fetch GET 200 https://registry.npmjs.org/concat-map 45ms (cache revalidated)
npm http fetch GET 200 https://registry.npmjs.org/balanced-match 63ms (cache revalidated)
npm http fetch GET 200 https://registry.npmjs.org/is-glob 70ms (cache revalidated)
npm http fetch GET 200 https://registry.npmjs.org/is-binary-path 71ms (cache revalidated)
npm http fetch GET 200 https://registry.npmjs.org/anymatch 73ms (cache revalidated)
npm http fetch GET 200 https://registry.npmjs.org/fsevents 73ms (cache revalidated)
npm http fetch GET 200 https://registry.npmjs.org/randombytes 81ms (cache revalidated)
npm http fetch GET 200 https://registry.npmjs.org/locate-path 83ms (cache revalidated)
npm http fetch GET 200 https://registry.npmjs.org/path-exists 85ms (cache revalidated)
npm http fetch GET 200 https://registry.npmjs.org/flat 81ms (cache revalidated)
npm http fetch GET 200 https://registry.npmjs.org/glob-parent 90ms (cache revalidated)
npm http fetch GET 200 https://registry.npmjs.org/readdirp 92ms (cache revalidated)
npm http fetch GET 200 https://registry.npmjs.org/braces 97ms (cache revalidated)
npm http fetch GET 200 https://registry.npmjs.org/argparse 101ms (cache revalidated)
npm http fetch GET 200 https://registry.npmjs.org/escalade 99ms (cache revalidated)
npm http fetch GET 200 https://registry.npmjs.org/camelcase 99ms (cache revalidated)
npm http fetch GET 200 https://registry.npmjs.org/is-plain-obj 98ms (cache revalidated)
npm http fetch GET 200 https://registry.npmjs.org/is-extglob 42ms (cache revalidated)
npm http fetch GET 200 https://registry.npmjs.org/picomatch 44ms (cache revalidated)
npm http fetch GET 200 https://registry.npmjs.org/fill-range 48ms (cache revalidated)
npm http fetch GET 200 https://registry.npmjs.org/binary-extensions 50ms (cache revalidated)
npm http fetch GET 200 https://registry.npmjs.org/picomatch 52ms (cache revalidated)
npm http fetch GET 200 https://registry.npmjs.org/to-regex-range 84ms (cache revalidated)
npm http fetch GET 200 https://registry.npmjs.org/is-number 41ms (cache revalidated)
npm http fetch GET 200 https://registry.npmjs.org/p-locate 40ms (cache revalidated)
npm http fetch GET 200 https://registry.npmjs.org/p-limit 41ms (cache revalidated)
npm http fetch GET 200 https://registry.npmjs.org/easy-stack 848ms (cache revalidated)
npm http fetch GET 200 https://registry.npmjs.org/yocto-queue 54ms (cache revalidated)
npm http fetch GET 200 https://registry.npmjs.org/indent-string 8ms (cache hit)
npm http fetch GET 200 https://registry.npmjs.org/clean-stack 10ms (cache hit)
npm http fetch GET 200 https://registry.npmjs.org/stream-combiner 56ms (cache revalidated)
npm http fetch GET 200 https://registry.npmjs.org/duplexer 61ms (cache revalidated)
npm http fetch GET 200 https://registry.npmjs.org/pause-stream 80ms (cache revalidated)
npm http fetch GET 200 https://registry.npmjs.org/from 82ms (cache revalidated)
npm http fetch GET 200 https://registry.npmjs.org/split 87ms (cache revalidated)
npm http fetch GET 200 https://registry.npmjs.org/map-stream 91ms (cache revalidated)
npm http fetch GET 200 https://registry.npmjs.org/object-inspect 12ms (cache hit)
npm http fetch GET 200 https://registry.npmjs.org/side-channel-weakmap 13ms (cache hit)
npm http fetch GET 200 https://registry.npmjs.org/side-channel-map 14ms (cache hit)
npm http fetch GET 200 https://registry.npmjs.org/side-channel-list 16ms (cache hit)
npm http fetch GET 200 https://registry.npmjs.org/call-bound 7ms (cache hit)
npm http fetch GET 200 https://registry.npmjs.org/call-bound 21ms (cache hit)
npm http fetch GET 200 https://registry.npmjs.org/json-schema-traverse 47ms (cache revalidated)
npm http fetch GET 200 https://registry.npmjs.org/uri-js 48ms (cache revalidated)
npm http fetch GET 200 https://registry.npmjs.org/fast-deep-equal 50ms (cache revalidated)
npm http fetch GET 200 https://registry.npmjs.org/fast-json-stable-stringify 71ms (cache revalidated)
npm http fetch GET 200 https://registry.npmjs.org/punycode 60ms (cache revalidated)
npm http fetch GET 200 https://registry.npmjs.org/tldts-core 11ms (cache hit)
npm http fetch GET 200 https://registry.npmjs.org/unique-string 52ms (cache revalidated)
npm http fetch GET 200 https://registry.npmjs.org/dot-prop 59ms (cache revalidated)
npm http fetch GET 200 https://registry.npmjs.org/package-json 62ms (cache revalidated)
npm http fetch GET 200 https://registry.npmjs.org/ansi-align 71ms (cache revalidated)
npm http fetch GET 200 https://registry.npmjs.org/escape-goat 70ms (cache revalidated)
npm http fetch GET 200 https://registry.npmjs.org/widest-line 74ms (cache revalidated)
npm http fetch GET 200 https://registry.npmjs.org/cli-boxes 77ms (cache revalidated)
npm http fetch GET 200 https://registry.npmjs.org/write-file-atomic 868ms (cache revalidated)
npm http fetch GET 200 https://registry.npmjs.org/eastasianwidth 50ms (cache revalidated)
npm http fetch GET 200 https://registry.npmjs.org/crypto-random-string 42ms (cache revalidated)
npm http fetch GET 200 https://registry.npmjs.org/imurmurhash 43ms (cache revalidated)
npm http fetch GET 200 https://registry.npmjs.org/typedarray-to-buffer 46ms (cache revalidated)
npm http fetch GET 200 https://registry.npmjs.org/is-obj 100ms (cache revalidated)
npm http fetch GET 200 https://registry.npmjs.org/registry-url 41ms (cache revalidated)
npm http fetch GET 200 https://registry.npmjs.org/got 44ms (cache revalidated)
npm http fetch GET 200 https://registry.npmjs.org/registry-auth-token 54ms (cache revalidated)
npm http fetch GET 200 https://registry.npmjs.org/p-cancelable 73ms (cache revalidated)
npm http fetch GET 200 https://registry.npmjs.org/rc 76ms (cache revalidated)
npm http fetch GET 200 https://registry.npmjs.org/lowercase-keys 82ms (cache revalidated)
npm http fetch GET 200 https://registry.npmjs.org/decompress-response 82ms (cache revalidated)
npm http fetch GET 200 https://registry.npmjs.org/form-data-encoder 99ms (cache revalidated)
npm http fetch GET 200 https://registry.npmjs.org/cacheable-lookup 105ms (cache revalidated)
npm http fetch GET 200 https://registry.npmjs.org/responselike 109ms (cache revalidated)
npm http fetch GET 200 https://registry.npmjs.org/http2-wrapper 114ms (cache revalidated)
npm http fetch GET 200 https://registry.npmjs.org/cacheable-request 119ms (cache revalidated)
npm http fetch GET 200 https://registry.npmjs.org/@pnpm%2fnpm-conf 131ms (cache revalidated)
npm http fetch GET 200 https://registry.npmjs.org/@sindresorhus%2fis 360ms (cache revalidated)
npm http fetch GET 200 https://registry.npmjs.org/@szmarczak%2fhttp-timer 413ms (cache revalidated)
npm http fetch GET 200 https://registry.npmjs.org/mimic-response 56ms (cache revalidated)
npm http fetch GET 200 https://registry.npmjs.org/mimic-response 62ms (cache revalidated)
npm http fetch GET 200 https://registry.npmjs.org/http-cache-semantics 64ms (cache revalidated)
npm http fetch GET 200 https://registry.npmjs.org/defer-to-connect 78ms (cache revalidated)
npm http fetch GET 200 https://registry.npmjs.org/quick-lru 88ms (cache revalidated)
npm http fetch GET 200 https://registry.npmjs.org/normalize-url 92ms (cache revalidated)
npm http fetch GET 200 https://registry.npmjs.org/keyv 96ms (cache revalidated)
npm http fetch GET 200 https://registry.npmjs.org/@types%2fhttp-cache-semantics 122ms (cache revalidated)
npm http fetch GET 200 https://registry.npmjs.org/resolve-alpn 870ms (cache revalidated)
npm http fetch GET 200 https://registry.npmjs.org/json-buffer 43ms (cache revalidated)
npm http fetch GET 200 https://registry.npmjs.org/config-chain 51ms (cache revalidated)
npm http fetch GET 200 https://registry.npmjs.org/@pnpm%2fnetwork.ca-file 75ms (cache revalidated)
npm http fetch GET 200 https://registry.npmjs.org/@pnpm%2fconfig.env-replace 104ms (cache revalidated)
npm http fetch GET 200 https://registry.npmjs.org/proto-list 44ms (cache revalidated)
npm http fetch GET 200 https://registry.npmjs.org/deep-extend 56ms (cache revalidated)
npm http fetch GET 200 https://registry.npmjs.org/pend 6ms (cache hit)
npm http fetch GET 200 https://registry.npmjs.org/crc32-stream 65ms (cache revalidated)
npm http fetch GET 200 https://registry.npmjs.org/crc-32 43ms (cache revalidated)
npm http fetch GET 200 https://registry.npmjs.org/typed-array-buffer 48ms (cache revalidated)
npm http fetch GET 200 https://registry.npmjs.org/buffer-alloc-unsafe 56ms (cache revalidated)
npm http fetch GET 200 https://registry.npmjs.org/buffer-fill 77ms (cache revalidated)
npm http fetch GET 200 https://registry.npmjs.org/is-typed-array 49ms (cache revalidated)
npm http fetch GET 200 https://registry.npmjs.org/which-typed-array 40ms (cache revalidated)
npm http fetch GET 200 https://registry.npmjs.org/available-typed-arrays 40ms (cache revalidated)
npm http fetch GET 200 https://registry.npmjs.org/for-each 46ms (cache revalidated)
npm http fetch GET 200 https://registry.npmjs.org/call-bind 48ms (cache revalidated)
npm http fetch GET 200 https://registry.npmjs.org/set-function-length 42ms (cache revalidated)
npm http fetch GET 200 https://registry.npmjs.org/possible-typed-array-names 45ms (cache revalidated)
npm http fetch GET 200 https://registry.npmjs.org/is-callable 49ms (cache revalidated)
npm http fetch GET 200 https://registry.npmjs.org/define-data-property 43ms (cache revalidated)
npm http fetch GET 200 https://registry.npmjs.org/has-property-descriptors 45ms (cache revalidated)
npm http fetch GET 200 https://registry.npmjs.org/p-try 42ms (cache revalidated)
npm verbose reify failed optional dependency C:\Users\PC\Pictures\browserstack-testathon-delhi-prateek\tmpBstackPackages\node_modules\fsevents
npm http fetch POST 200 https://registry.npmjs.org/-/npm/v1/security/advisories/bulk 804ms
npm warn deprecated inflight@1.0.6: This module is not supported, and leaks memory. Do not use it. Check out lru-cache if you want a good and tested way to coalesce async requests by a key value, which is much more comprehensive and powerful.
npm warn deprecated rimraf@2.5.4: Rimraf versions prior to v4 are no longer supported
npm warn deprecated glob@7.2.3: Glob versions prior to v9 are no longer supported
npm warn deprecated glob@8.1.0: Glob versions prior to v9 are no longer supported
npm info run cypress@14.5.3 postinstall node_modules/cypress node index.js --exec install
npm info run cypress@14.5.3 postinstall { code: 0, signal: null }

added 482 packages, and audited 483 packages in 17s

106 packages are looking for funding
  run `npm fund` for details

found 0 vulnerabilities
npm verbose cwd C:\Users\PC\Pictures\browserstack-testathon-delhi-prateek\tmpBstackPackages
npm verbose os Windows_NT 10.0.19045
npm verbose node v22.11.0
npm verbose npm  v10.9.0
npm verbose exit 0
npm info ok
